<?xml version="1.0" encoding="UTF-8"?>
<testng-results ignored="0" total="3" passed="2" failed="1" skipped="0">
  <reporter-output>
  </reporter-output>
  <suite started-at="2024-08-18T21:18:58 IST" name="Suite" finished-at="2024-08-18T21:20:56 IST" duration-ms="118430">
    <groups>
    </groups>
    <test started-at="2024-08-18T21:18:58 IST" name="Test" finished-at="2024-08-18T21:20:56 IST" duration-ms="118430">
      <class name="testcases.TC_Register2">
        <test-method is-config="true" signature="init()[pri:0, instance:testcases.TC_Register2@11dee337]" started-at="2024-08-18T21:18:56 IST" name="init" finished-at="2024-08-18T21:18:58 IST" duration-ms="1640" status="PASS">
          <reporter-output>
          </reporter-output>
        </test-method> <!-- init -->
        <test-method is-config="true" signature="setUp()[pri:0, instance:testcases.TC_Register2@11dee337]" started-at="2024-08-18T21:18:58 IST" name="setUp" finished-at="2024-08-18T21:19:25 IST" duration-ms="26526" status="PASS">
          <reporter-output>
          </reporter-output>
        </test-method> <!-- setUp -->
        <test-method signature="new_user_registration_Test(java.lang.String,java.lang.String,java.lang.String,java.lang.String,java.lang.String,java.lang.String,java.lang.String,java.lang.String,java.lang.String,java.lang.String,java.lang.String,java.lang.String,java.lang.String,java.lang.String,java.lang.String,java.lang.String,java.lang.String,java.lang.String,java.lang.String,java.lang.String)[pri:0, instance:testcases.TC_Register2@11dee337]" started-at="2024-08-18T21:19:25 IST" name="new_user_registration_Test" data-provider="alldata" finished-at="2024-08-18T21:19:57 IST" duration-ms="32046" status="PASS">
          <params>
            <param index="0">
              <value>
                <![CDATA[Register_1]]>
              </value>
            </param>
            <param index="1">
              <value>
                <![CDATA[Test1 User1]]>
              </value>
            </param>
            <param index="2">
              <value>
                <![CDATA[N12A1@Mail.com]]>
              </value>
            </param>
            <param index="3">
              <value>
                <![CDATA[Mr.]]>
              </value>
            </param>
            <param index="4">
              <value>
                <![CDATA[12345.0]]>
              </value>
            </param>
            <param index="5">
              <value>
                <![CDATA[1.0]]>
              </value>
            </param>
            <param index="6">
              <value>
                <![CDATA[June]]>
              </value>
            </param>
            <param index="7">
              <value>
                <![CDATA[1999.0]]>
              </value>
            </param>
            <param index="8">
              <value>
                <![CDATA[Yes]]>
              </value>
            </param>
            <param index="9">
              <value>
                <![CDATA[No]]>
              </value>
            </param>
            <param index="10">
              <value>
                <![CDATA[Test1]]>
              </value>
            </param>
            <param index="11">
              <value>
                <![CDATA[User1]]>
              </value>
            </param>
            <param index="12">
              <value>
                <![CDATA[abc]]>
              </value>
            </param>
            <param index="13">
              <value>
                <![CDATA[Testaddress]]>
              </value>
            </param>
            <param index="14">
              <value>
                <![CDATA[India]]>
              </value>
            </param>
            <param index="15">
              <value>
                <![CDATA[WB]]>
              </value>
            </param>
            <param index="16">
              <value>
                <![CDATA[Kolkata]]>
              </value>
            </param>
            <param index="17">
              <value>
                <![CDATA[700010.0]]>
              </value>
            </param>
            <param index="18">
              <value>
                <![CDATA[9.087882727E9]]>
              </value>
            </param>
            <param index="19">
              <value>
                <![CDATA[]]>
              </value>
            </param>
          </params>
          <reporter-output>
          </reporter-output>
        </test-method> <!-- new_user_registration_Test -->
        <test-method is-config="true" signature="updateTestResult()[pri:0, instance:testcases.TC_Register2@11dee337]" started-at="2024-08-18T21:19:57 IST" name="updateTestResult" finished-at="2024-08-18T21:19:58 IST" duration-ms="1240" status="PASS">
          <reporter-output>
          </reporter-output>
        </test-method> <!-- updateTestResult -->
        <test-method signature="new_user_registration_Test(java.lang.String,java.lang.String,java.lang.String,java.lang.String,java.lang.String,java.lang.String,java.lang.String,java.lang.String,java.lang.String,java.lang.String,java.lang.String,java.lang.String,java.lang.String,java.lang.String,java.lang.String,java.lang.String,java.lang.String,java.lang.String,java.lang.String,java.lang.String)[pri:0, instance:testcases.TC_Register2@11dee337]" started-at="2024-08-18T21:19:58 IST" name="new_user_registration_Test" data-provider="alldata" finished-at="2024-08-18T21:20:27 IST" duration-ms="29087" status="FAIL">
          <params>
            <param index="0">
              <value>
                <![CDATA[Register_2]]>
              </value>
            </param>
            <param index="1">
              <value>
                <![CDATA[Test1 User1]]>
              </value>
            </param>
            <param index="2">
              <value>
                <![CDATA[NA@Mailsas2221syt.com]]>
              </value>
            </param>
            <param index="3">
              <value>
                <![CDATA[Mr.]]>
              </value>
            </param>
            <param index="4">
              <value>
                <![CDATA[12345.0]]>
              </value>
            </param>
            <param index="5">
              <value>
                <![CDATA[1.0]]>
              </value>
            </param>
            <param index="6">
              <value>
                <![CDATA[June]]>
              </value>
            </param>
            <param index="7">
              <value>
                <![CDATA[1999.0]]>
              </value>
            </param>
            <param index="8">
              <value>
                <![CDATA[Yes]]>
              </value>
            </param>
            <param index="9">
              <value>
                <![CDATA[No]]>
              </value>
            </param>
            <param index="10">
              <value>
                <![CDATA[]]>
              </value>
            </param>
            <param index="11">
              <value>
                <![CDATA[]]>
              </value>
            </param>
            <param index="12">
              <value>
                <![CDATA[abc]]>
              </value>
            </param>
            <param index="13">
              <value>
                <![CDATA[Testaddress]]>
              </value>
            </param>
            <param index="14">
              <value>
                <![CDATA[India]]>
              </value>
            </param>
            <param index="15">
              <value>
                <![CDATA[WB]]>
              </value>
            </param>
            <param index="16">
              <value>
                <![CDATA[Kolkata]]>
              </value>
            </param>
            <param index="17">
              <value>
                <![CDATA[700010.0]]>
              </value>
            </param>
            <param index="18">
              <value>
                <![CDATA[9.087882727E9]]>
              </value>
            </param>
            <param index="19">
              <value>
                <![CDATA[]]>
              </value>
            </param>
          </params>
          <exception class="org.openqa.selenium.NoSuchElementException">
            <message>
              <![CDATA[no such element: Unable to locate element: {"method":"css selector","selector":"h2[data-qa='account-created']"}
  (Session info: chrome=127.0.6533.120)
For documentation on this error, please visit: https://www.selenium.dev/documentation/webdriver/troubleshooting/errors#no-such-element-exception
Build info: version: '4.21.0', revision: '79ed462ef4'
System info: os.name: 'Windows 10', os.arch: 'amd64', os.version: '10.0', java.version: '17.0.1'
Driver info: org.openqa.selenium.chrome.ChromeDriver
Command: [749e75ec7bbd5f91f53ecb724e9fa712, findElement {using=css selector, value=h2[data-qa='account-created']}]
Capabilities {acceptInsecureCerts: false, browserName: chrome, browserVersion: 127.0.6533.120, chrome: {chromedriverVersion: 127.0.6533.119 (bdef6783a05..., userDataDir: C:\Users\ADMIN\AppData\Loca...}, fedcm:accounts: true, goog:chromeOptions: {debuggerAddress: localhost:60037}, networkConnectionEnabled: false, pageLoadStrategy: normal, platformName: windows, proxy: Proxy(), se:cdp: ws://localhost:60037/devtoo..., se:cdpVersion: 127.0.6533.120, setWindowRect: true, strictFileInteractability: false, timeouts: {implicit: 0, pageLoad: 300000, script: 30000}, unhandledPromptBehavior: dismiss and notify, webauthn:extension:credBlob: true, webauthn:extension:largeBlob: true, webauthn:extension:minPinLength: true, webauthn:extension:prf: true, webauthn:virtualAuthenticators: true}
Session ID: 749e75ec7bbd5f91f53ecb724e9fa712]]>
            </message>
            <full-stacktrace>
              <![CDATA[org.openqa.selenium.NoSuchElementException: no such element: Unable to locate element: {"method":"css selector","selector":"h2[data-qa='account-created']"}
  (Session info: chrome=127.0.6533.120)
For documentation on this error, please visit: https://www.selenium.dev/documentation/webdriver/troubleshooting/errors#no-such-element-exception
Build info: version: '4.21.0', revision: '79ed462ef4'
System info: os.name: 'Windows 10', os.arch: 'amd64', os.version: '10.0', java.version: '17.0.1'
Driver info: org.openqa.selenium.chrome.ChromeDriver
Command: [749e75ec7bbd5f91f53ecb724e9fa712, findElement {using=css selector, value=h2[data-qa='account-created']}]
Capabilities {acceptInsecureCerts: false, browserName: chrome, browserVersion: 127.0.6533.120, chrome: {chromedriverVersion: 127.0.6533.119 (bdef6783a05..., userDataDir: C:\Users\ADMIN\AppData\Loca...}, fedcm:accounts: true, goog:chromeOptions: {debuggerAddress: localhost:60037}, networkConnectionEnabled: false, pageLoadStrategy: normal, platformName: windows, proxy: Proxy(), se:cdp: ws://localhost:60037/devtoo..., se:cdpVersion: 127.0.6533.120, setWindowRect: true, strictFileInteractability: false, timeouts: {implicit: 0, pageLoad: 300000, script: 30000}, unhandledPromptBehavior: dismiss and notify, webauthn:extension:credBlob: true, webauthn:extension:largeBlob: true, webauthn:extension:minPinLength: true, webauthn:extension:prf: true, webauthn:virtualAuthenticators: true}
Session ID: 749e75ec7bbd5f91f53ecb724e9fa712
at java.base/jdk.internal.reflect.NativeConstructorAccessorImpl.newInstance0(Native Method)
at java.base/jdk.internal.reflect.NativeConstructorAccessorImpl.newInstance(NativeConstructorAccessorImpl.java:77)
at java.base/jdk.internal.reflect.DelegatingConstructorAccessorImpl.newInstance(DelegatingConstructorAccessorImpl.java:45)
at java.base/java.lang.reflect.Constructor.newInstanceWithCaller(Constructor.java:499)
at java.base/java.lang.reflect.Constructor.newInstance(Constructor.java:480)
at org.openqa.selenium.remote.ErrorCodec.decode(ErrorCodec.java:167)
at org.openqa.selenium.remote.codec.w3c.W3CHttpResponseCodec.decode(W3CHttpResponseCodec.java:138)
at org.openqa.selenium.remote.codec.w3c.W3CHttpResponseCodec.decode(W3CHttpResponseCodec.java:50)
at org.openqa.selenium.remote.HttpCommandExecutor.execute(HttpCommandExecutor.java:190)
at org.openqa.selenium.remote.service.DriverCommandExecutor.invokeExecute(DriverCommandExecutor.java:216)
at org.openqa.selenium.remote.service.DriverCommandExecutor.execute(DriverCommandExecutor.java:174)
at org.openqa.selenium.remote.RemoteWebDriver.execute(RemoteWebDriver.java:518)
at org.openqa.selenium.remote.ElementLocation$ElementFinder$2.findElement(ElementLocation.java:165)
at org.openqa.selenium.remote.ElementLocation.findElement(ElementLocation.java:59)
at org.openqa.selenium.remote.RemoteWebDriver.findElement(RemoteWebDriver.java:355)
at org.openqa.selenium.remote.RemoteWebDriver.findElement(RemoteWebDriver.java:349)
at org.openqa.selenium.support.pagefactory.DefaultElementLocator.findElement(DefaultElementLocator.java:68)
at org.openqa.selenium.support.pagefactory.internal.LocatingElementHandler.invoke(LocatingElementHandler.java:38)
at jdk.proxy2/jdk.proxy2.$Proxy33.getText(Unknown Source)
at utility.PageFunctions.getText(PageFunctions.java:75)
at pages.LoginPage.getSuccessMsg(LoginPage.java:80)
at testcases.TC_Register2.new_user_registration_Test(TC_Register2.java:92)
at java.base/jdk.internal.reflect.NativeMethodAccessorImpl.invoke0(Native Method)
at java.base/jdk.internal.reflect.NativeMethodAccessorImpl.invoke(NativeMethodAccessorImpl.java:77)
at java.base/jdk.internal.reflect.DelegatingMethodAccessorImpl.invoke(DelegatingMethodAccessorImpl.java:43)
at java.base/java.lang.reflect.Method.invoke(Method.java:568)
at org.testng.internal.MethodInvocationHelper.invokeMethod(MethodInvocationHelper.java:133)
at org.testng.internal.TestInvoker.invokeMethod(TestInvoker.java:598)
at org.testng.internal.TestInvoker.invokeTestMethod(TestInvoker.java:173)
at org.testng.internal.MethodRunner.runInSequence(MethodRunner.java:46)
at org.testng.internal.TestInvoker$MethodInvocationAgent.invoke(TestInvoker.java:824)
at org.testng.internal.TestInvoker.invokeTestMethods(TestInvoker.java:146)
at org.testng.internal.TestMethodWorker.invokeTestMethods(TestMethodWorker.java:146)
at org.testng.internal.TestMethodWorker.run(TestMethodWorker.java:128)
at java.base/java.util.ArrayList.forEach(ArrayList.java:1511)
at org.testng.TestRunner.privateRun(TestRunner.java:794)
at org.testng.TestRunner.run(TestRunner.java:596)
at org.testng.SuiteRunner.runTest(SuiteRunner.java:377)
at org.testng.SuiteRunner.runSequentially(SuiteRunner.java:371)
at org.testng.SuiteRunner.privateRun(SuiteRunner.java:332)
at org.testng.SuiteRunner.run(SuiteRunner.java:276)
at org.testng.SuiteRunnerWorker.runSuite(SuiteRunnerWorker.java:53)
at org.testng.SuiteRunnerWorker.run(SuiteRunnerWorker.java:96)
at org.testng.TestNG.runSuitesSequentially(TestNG.java:1212)
at org.testng.TestNG.runSuitesLocally(TestNG.java:1134)
at org.testng.TestNG.runSuites(TestNG.java:1063)
at org.testng.TestNG.run(TestNG.java:1031)
at org.testng.remote.AbstractRemoteTestNG.run(AbstractRemoteTestNG.java:115)
at org.testng.remote.RemoteTestNG.initAndRun(RemoteTestNG.java:251)
at org.testng.remote.RemoteTestNG.main(RemoteTestNG.java:77)
]]>
            </full-stacktrace>
          </exception> <!-- org.openqa.selenium.NoSuchElementException -->
          <reporter-output>
          </reporter-output>
        </test-method> <!-- new_user_registration_Test -->
        <test-method is-config="true" signature="updateTestResult()[pri:0, instance:testcases.TC_Register2@11dee337]" started-at="2024-08-18T21:20:27 IST" name="updateTestResult" finished-at="2024-08-18T21:20:28 IST" duration-ms="280" status="PASS">
          <reporter-output>
          </reporter-output>
        </test-method> <!-- updateTestResult -->
        <test-method signature="new_user_registration_Test(java.lang.String,java.lang.String,java.lang.String,java.lang.String,java.lang.String,java.lang.String,java.lang.String,java.lang.String,java.lang.String,java.lang.String,java.lang.String,java.lang.String,java.lang.String,java.lang.String,java.lang.String,java.lang.String,java.lang.String,java.lang.String,java.lang.String,java.lang.String)[pri:0, instance:testcases.TC_Register2@11dee337]" started-at="2024-08-18T21:20:28 IST" name="new_user_registration_Test" data-provider="alldata" finished-at="2024-08-18T21:20:56 IST" duration-ms="27994" status="PASS">
          <params>
            <param index="0">
              <value>
                <![CDATA[Register_3]]>
              </value>
            </param>
            <param index="1">
              <value>
                <![CDATA[Test3 User3]]>
              </value>
            </param>
            <param index="2">
              <value>
                <![CDATA[NA@Mailsas2222fdf1syt.com]]>
              </value>
            </param>
            <param index="3">
              <value>
                <![CDATA[Mr.]]>
              </value>
            </param>
            <param index="4">
              <value>
                <![CDATA[12345.0]]>
              </value>
            </param>
            <param index="5">
              <value>
                <![CDATA[1.0]]>
              </value>
            </param>
            <param index="6">
              <value>
                <![CDATA[June]]>
              </value>
            </param>
            <param index="7">
              <value>
                <![CDATA[1999.0]]>
              </value>
            </param>
            <param index="8">
              <value>
                <![CDATA[Yes]]>
              </value>
            </param>
            <param index="9">
              <value>
                <![CDATA[No]]>
              </value>
            </param>
            <param index="10">
              <value>
                <![CDATA[Test3]]>
              </value>
            </param>
            <param index="11">
              <value>
                <![CDATA[User3]]>
              </value>
            </param>
            <param index="12">
              <value>
                <![CDATA[abc]]>
              </value>
            </param>
            <param index="13">
              <value>
                <![CDATA[Testaddress]]>
              </value>
            </param>
            <param index="14">
              <value>
                <![CDATA[India]]>
              </value>
            </param>
            <param index="15">
              <value>
                <![CDATA[WB]]>
              </value>
            </param>
            <param index="16">
              <value>
                <![CDATA[Kolkata]]>
              </value>
            </param>
            <param index="17">
              <value>
                <![CDATA[700010.0]]>
              </value>
            </param>
            <param index="18">
              <value>
                <![CDATA[9.087882727E9]]>
              </value>
            </param>
            <param index="19">
              <value>
                <![CDATA[]]>
              </value>
            </param>
          </params>
          <reporter-output>
          </reporter-output>
        </test-method> <!-- new_user_registration_Test -->
        <test-method is-config="true" signature="updateTestResult()[pri:0, instance:testcases.TC_Register2@11dee337]" started-at="2024-08-18T21:20:56 IST" name="updateTestResult" finished-at="2024-08-18T21:20:56 IST" duration-ms="356" status="PASS">
          <reporter-output>
          </reporter-output>
        </test-method> <!-- updateTestResult -->
        <test-method is-config="true" signature="closeBrowser()[pri:0, instance:testcases.TC_Register2@11dee337]" started-at="2024-08-18T21:20:56 IST" name="closeBrowser" finished-at="2024-08-18T21:20:56 IST" duration-ms="501" status="PASS">
          <reporter-output>
          </reporter-output>
        </test-method> <!-- closeBrowser -->
        <test-method is-config="true" signature="afterSuite()[pri:0, instance:testcases.TC_Register2@11dee337]" started-at="2024-08-18T21:20:58 IST" name="afterSuite" finished-at="2024-08-18T21:20:58 IST" duration-ms="6" status="FAIL">
          <exception class="org.openqa.selenium.NoSuchSessionException">
            <message>
              <![CDATA[invalid session id
Build info: version: '4.21.0', revision: '79ed462ef4'
System info: os.name: 'Windows 10', os.arch: 'amd64', os.version: '10.0', java.version: '17.0.1'
Driver info: org.openqa.selenium.chrome.ChromeDriver
Command: [749e75ec7bbd5f91f53ecb724e9fa712, close {}]
Capabilities {acceptInsecureCerts: false, browserName: chrome, browserVersion: 127.0.6533.120, chrome: {chromedriverVersion: 127.0.6533.119 (bdef6783a05..., userDataDir: C:\Users\ADMIN\AppData\Loca...}, fedcm:accounts: true, goog:chromeOptions: {debuggerAddress: localhost:60037}, networkConnectionEnabled: false, pageLoadStrategy: normal, platformName: windows, proxy: Proxy(), se:cdp: ws://localhost:60037/devtoo..., se:cdpVersion: 127.0.6533.120, setWindowRect: true, strictFileInteractability: false, timeouts: {implicit: 0, pageLoad: 300000, script: 30000}, unhandledPromptBehavior: dismiss and notify, webauthn:extension:credBlob: true, webauthn:extension:largeBlob: true, webauthn:extension:minPinLength: true, webauthn:extension:prf: true, webauthn:virtualAuthenticators: true}
Session ID: 749e75ec7bbd5f91f53ecb724e9fa712]]>
            </message>
            <full-stacktrace>
              <![CDATA[org.openqa.selenium.NoSuchSessionException: invalid session id
Build info: version: '4.21.0', revision: '79ed462ef4'
System info: os.name: 'Windows 10', os.arch: 'amd64', os.version: '10.0', java.version: '17.0.1'
Driver info: org.openqa.selenium.chrome.ChromeDriver
Command: [749e75ec7bbd5f91f53ecb724e9fa712, close {}]
Capabilities {acceptInsecureCerts: false, browserName: chrome, browserVersion: 127.0.6533.120, chrome: {chromedriverVersion: 127.0.6533.119 (bdef6783a05..., userDataDir: C:\Users\ADMIN\AppData\Loca...}, fedcm:accounts: true, goog:chromeOptions: {debuggerAddress: localhost:60037}, networkConnectionEnabled: false, pageLoadStrategy: normal, platformName: windows, proxy: Proxy(), se:cdp: ws://localhost:60037/devtoo..., se:cdpVersion: 127.0.6533.120, setWindowRect: true, strictFileInteractability: false, timeouts: {implicit: 0, pageLoad: 300000, script: 30000}, unhandledPromptBehavior: dismiss and notify, webauthn:extension:credBlob: true, webauthn:extension:largeBlob: true, webauthn:extension:minPinLength: true, webauthn:extension:prf: true, webauthn:virtualAuthenticators: true}
Session ID: 749e75ec7bbd5f91f53ecb724e9fa712
at java.base/jdk.internal.reflect.NativeConstructorAccessorImpl.newInstance0(Native Method)
at java.base/jdk.internal.reflect.NativeConstructorAccessorImpl.newInstance(NativeConstructorAccessorImpl.java:77)
at java.base/jdk.internal.reflect.DelegatingConstructorAccessorImpl.newInstance(DelegatingConstructorAccessorImpl.java:45)
at java.base/java.lang.reflect.Constructor.newInstanceWithCaller(Constructor.java:499)
at java.base/java.lang.reflect.Constructor.newInstance(Constructor.java:480)
at org.openqa.selenium.remote.ErrorCodec.decode(ErrorCodec.java:167)
at org.openqa.selenium.remote.codec.w3c.W3CHttpResponseCodec.decode(W3CHttpResponseCodec.java:138)
at org.openqa.selenium.remote.codec.w3c.W3CHttpResponseCodec.decode(W3CHttpResponseCodec.java:50)
at org.openqa.selenium.remote.HttpCommandExecutor.execute(HttpCommandExecutor.java:190)
at org.openqa.selenium.remote.service.DriverCommandExecutor.invokeExecute(DriverCommandExecutor.java:216)
at org.openqa.selenium.remote.service.DriverCommandExecutor.execute(DriverCommandExecutor.java:174)
at org.openqa.selenium.remote.RemoteWebDriver.execute(RemoteWebDriver.java:518)
at org.openqa.selenium.remote.RemoteWebDriver.execute(RemoteWebDriver.java:591)
at org.openqa.selenium.remote.RemoteWebDriver.execute(RemoteWebDriver.java:595)
at org.openqa.selenium.remote.RemoteWebDriver.close(RemoteWebDriver.java:405)
at base.Base.afterSuite(Base.java:64)
at java.base/jdk.internal.reflect.NativeMethodAccessorImpl.invoke0(Native Method)
at java.base/jdk.internal.reflect.NativeMethodAccessorImpl.invoke(NativeMethodAccessorImpl.java:77)
at java.base/jdk.internal.reflect.DelegatingMethodAccessorImpl.invoke(DelegatingMethodAccessorImpl.java:43)
at java.base/java.lang.reflect.Method.invoke(Method.java:568)
at org.testng.internal.MethodInvocationHelper.invokeMethod(MethodInvocationHelper.java:133)
at org.testng.internal.MethodInvocationHelper.invokeMethodConsideringTimeout(MethodInvocationHelper.java:62)
at org.testng.internal.ConfigInvoker.invokeConfigurationMethod(ConfigInvoker.java:385)
at org.testng.internal.ConfigInvoker.invokeConfigurations(ConfigInvoker.java:321)
at org.testng.SuiteRunner.privateRun(SuiteRunner.java:344)
at org.testng.SuiteRunner.run(SuiteRunner.java:276)
at org.testng.SuiteRunnerWorker.runSuite(SuiteRunnerWorker.java:53)
at org.testng.SuiteRunnerWorker.run(SuiteRunnerWorker.java:96)
at org.testng.TestNG.runSuitesSequentially(TestNG.java:1212)
at org.testng.TestNG.runSuitesLocally(TestNG.java:1134)
at org.testng.TestNG.runSuites(TestNG.java:1063)
at org.testng.TestNG.run(TestNG.java:1031)
at org.testng.remote.AbstractRemoteTestNG.run(AbstractRemoteTestNG.java:115)
at org.testng.remote.RemoteTestNG.initAndRun(RemoteTestNG.java:251)
at org.testng.remote.RemoteTestNG.main(RemoteTestNG.java:77)
]]>
            </full-stacktrace>
          </exception> <!-- org.openqa.selenium.NoSuchSessionException -->
          <reporter-output>
          </reporter-output>
        </test-method> <!-- afterSuite -->
      </class> <!-- testcases.TC_Register2 -->
    </test> <!-- Test -->
  </suite> <!-- Suite -->
</testng-results>
